<?xml version="1.0" encoding="UTF-8"?>
<!-- Generated by org.testng.reporters.JUnitReportReporter -->
<testsuite hostname="User-PC" failures="0" tests="1" name="FirstClassJenkins" time="4.896" errors="0" timestamp="2022-05-22T20:07:31 MSK" skipped="0">
  <testcase classname="FirstClassJenkins" name="login" time="4.896"/>
  <system-out/>
</testsuite> <!-- FirstClassJenkins -->
